[debug] [2025-11-17T05:45:53.400Z] ----------------------------------------------------------------------
[debug] [2025-11-17T05:45:53.402Z] Command:       C:\Program Files\nodejs\node.exe C:\Users\Ricar\AppData\Roaming\npm\node_modules\firebase-tools\lib\bin\firebase.js deploy --only functions
[debug] [2025-11-17T05:45:53.403Z] CLI Version:   14.25.0
[debug] [2025-11-17T05:45:53.403Z] Platform:      win32
[debug] [2025-11-17T05:45:53.403Z] Node Version:  v24.11.1
[debug] [2025-11-17T05:45:53.403Z] Time:          Mon Nov 17 2025 05:45:53 GMT+0000 (Western European Standard Time)
[debug] [2025-11-17T05:45:53.403Z] ----------------------------------------------------------------------
[debug] 
[debug] [2025-11-17T05:45:53.567Z] > command requires scopes: ["email","openid","https://www.googleapis.com/auth/cloudplatformprojects.readonly","https://www.googleapis.com/auth/firebase","https://www.googleapis.com/auth/cloud-platform"]
[debug] [2025-11-17T05:45:53.567Z] > authorizing via signed-in user (slotarino.biz@gmail.com)
[debug] [2025-11-17T05:45:53.567Z] [iam] checking project projectgear-b6776 for permissions ["cloudfunctions.functions.create","cloudfunctions.functions.delete","cloudfunctions.functions.get","cloudfunctions.functions.list","cloudfunctions.functions.update","cloudfunctions.operations.get","firebase.projects.get"]
[debug] [2025-11-17T05:45:53.568Z] Checked if tokens are valid: true, expires at: 1763361508693
[debug] [2025-11-17T05:45:53.568Z] Checked if tokens are valid: true, expires at: 1763361508693
[debug] [2025-11-17T05:45:53.569Z] >>> [apiv2][query] POST https://cloudresourcemanager.googleapis.com/v1/projects/projectgear-b6776:testIamPermissions [none]
[debug] [2025-11-17T05:45:53.569Z] >>> [apiv2][(partial)header] POST https://cloudresourcemanager.googleapis.com/v1/projects/projectgear-b6776:testIamPermissions x-goog-quota-user=projects/projectgear-b6776
[debug] [2025-11-17T05:45:53.569Z] >>> [apiv2][body] POST https://cloudresourcemanager.googleapis.com/v1/projects/projectgear-b6776:testIamPermissions {"permissions":["cloudfunctions.functions.create","cloudfunctions.functions.delete","cloudfunctions.functions.get","cloudfunctions.functions.list","cloudfunctions.functions.update","cloudfunctions.operations.get","firebase.projects.get"]}
[debug] [2025-11-17T05:45:53.807Z] <<< [apiv2][status] POST https://cloudresourcemanager.googleapis.com/v1/projects/projectgear-b6776:testIamPermissions 200
[debug] [2025-11-17T05:45:53.807Z] <<< [apiv2][body] POST https://cloudresourcemanager.googleapis.com/v1/projects/projectgear-b6776:testIamPermissions {"permissions":["cloudfunctions.functions.create","cloudfunctions.functions.delete","cloudfunctions.functions.get","cloudfunctions.functions.list","cloudfunctions.functions.update","cloudfunctions.operations.get","firebase.projects.get"]}
[debug] [2025-11-17T05:45:53.807Z] Checked if tokens are valid: true, expires at: 1763361508693
[debug] [2025-11-17T05:45:53.807Z] Checked if tokens are valid: true, expires at: 1763361508693
[debug] [2025-11-17T05:45:53.808Z] >>> [apiv2][query] POST https://iam.googleapis.com/v1/projects/projectgear-b6776/serviceAccounts/projectgear-b6776@appspot.gserviceaccount.com:testIamPermissions [none]
[debug] [2025-11-17T05:45:53.808Z] >>> [apiv2][body] POST https://iam.googleapis.com/v1/projects/projectgear-b6776/serviceAccounts/projectgear-b6776@appspot.gserviceaccount.com:testIamPermissions {"permissions":["iam.serviceAccounts.actAs"]}
[debug] [2025-11-17T05:45:54.460Z] <<< [apiv2][status] POST https://iam.googleapis.com/v1/projects/projectgear-b6776/serviceAccounts/projectgear-b6776@appspot.gserviceaccount.com:testIamPermissions 200
[debug] [2025-11-17T05:45:54.460Z] <<< [apiv2][body] POST https://iam.googleapis.com/v1/projects/projectgear-b6776/serviceAccounts/projectgear-b6776@appspot.gserviceaccount.com:testIamPermissions {"permissions":["iam.serviceAccounts.actAs"]}
[info] 
[info] === Deploying to 'projectgear-b6776'...
[info] 
[info] i  deploying functions 
[debug] [2025-11-17T05:45:54.463Z] Checked if tokens are valid: true, expires at: 1763361508693
[debug] [2025-11-17T05:45:54.463Z] Checked if tokens are valid: true, expires at: 1763361508693
[debug] [2025-11-17T05:45:54.464Z] >>> [apiv2][query] GET https://cloudresourcemanager.googleapis.com/v1/projects/projectgear-b6776 [none]
[debug] [2025-11-17T05:45:54.638Z] <<< [apiv2][status] GET https://cloudresourcemanager.googleapis.com/v1/projects/projectgear-b6776 200
[debug] [2025-11-17T05:45:54.638Z] <<< [apiv2][body] GET https://cloudresourcemanager.googleapis.com/v1/projects/projectgear-b6776 {"projectNumber":"916044026836","projectId":"projectgear-b6776","lifecycleState":"ACTIVE","name":"IgnitionShift","labels":{"firebase":"enabled"},"createTime":"2024-11-29T15:32:14.394643Z"}
[info] i  functions: preparing codebase default for deployment 
[info] i  functions: ensuring required API cloudfunctions.googleapis.com is enabled... 
[info] i  functions: ensuring required API cloudbuild.googleapis.com is enabled... 
[info] i  artifactregistry: ensuring required API artifactregistry.googleapis.com is enabled... 
[debug] [2025-11-17T05:45:54.642Z] Checked if tokens are valid: true, expires at: 1763361508693
[debug] [2025-11-17T05:45:54.642Z] Checked if tokens are valid: true, expires at: 1763361508693
[debug] [2025-11-17T05:45:54.642Z] >>> [apiv2][query] GET https://firebase.googleapis.com/v1beta1/projects/projectgear-b6776/adminSdkConfig [none]
[debug] [2025-11-17T05:45:55.210Z] <<< [apiv2][status] GET https://firebase.googleapis.com/v1beta1/projects/projectgear-b6776/adminSdkConfig 200
[debug] [2025-11-17T05:45:55.211Z] <<< [apiv2][body] GET https://firebase.googleapis.com/v1beta1/projects/projectgear-b6776/adminSdkConfig {"projectId":"projectgear-b6776","databaseURL":"https://projectgear-b6776-default-rtdb.europe-west1.firebasedatabase.app","storageBucket":"projectgear-b6776.firebasestorage.app"}
[debug] [2025-11-17T05:45:55.212Z] Validating nodejs source
[warn] !  functions: package.json indicates an outdated version of firebase-functions. Please upgrade using npm install --save firebase-functions@latest in your functions directory. 
[warn] !  functions: Please note that there will be breaking changes when you upgrade. 
[debug] [2025-11-17T05:45:56.609Z] > [functions] package.json contents: {
  "name": "functions",
  "description": "Cloud Functions for Firebase",
  "scripts": {
    "serve": "firebase emulators:start --only functions",
    "shell": "firebase functions:shell",
    "start": "npm run shell",
    "deploy": "firebase deploy --only functions",
    "logs": "firebase functions:log"
  },
  "engines": {
    "node": "22"
  },
  "main": "index.js",
  "dependencies": {
    "firebase-admin": "^12.6.0",
    "firebase-functions": "^6.0.1"
  },
  "devDependencies": {
    "firebase-functions-test": "^3.1.0"
  },
  "private": true
}
[debug] [2025-11-17T05:45:56.609Z] Building nodejs source
[info] i  functions: Loading and analyzing source code for codebase default to determine what to deploy 
[debug] [2025-11-17T05:45:56.611Z] Could not find functions.yaml. Must use http discovery
[debug] [2025-11-17T05:45:56.621Z] Found firebase-functions binary at 'C:\Users\Ricar\IgnitionShift\functions\node_modules\.bin\firebase-functions'
[info] Serving at port 8834

[debug] [2025-11-17T05:45:57.284Z] Got response from /__/functions.yaml {"endpoints":{"createStripeCheckout":{"availableMemoryMb":null,"timeoutSeconds":null,"minInstances":null,"maxInstances":null,"ingressSettings":null,"concurrency":null,"serviceAccountEmail":null,"vpc":null,"platform":"gcfv2","labels":{},"httpsTrigger":{},"entryPoint":"createStripeCheckout"}},"specVersion":"v1alpha1","requiredAPIs":[],"extensions":{}}
[info] i  extensions: ensuring required API firebaseextensions.googleapis.com is enabled... 
[debug] [2025-11-17T05:46:01.313Z] > command requires scopes: ["email","openid","https://www.googleapis.com/auth/cloudplatformprojects.readonly","https://www.googleapis.com/auth/firebase","https://www.googleapis.com/auth/cloud-platform"]
[debug] [2025-11-17T05:46:01.313Z] > authorizing via signed-in user (slotarino.biz@gmail.com)
[debug] [2025-11-17T05:46:01.314Z] [iam] checking project projectgear-b6776 for permissions ["firebase.projects.get","firebaseextensions.instances.list"]
[debug] [2025-11-17T05:46:01.314Z] Checked if tokens are valid: true, expires at: 1763361508693
[debug] [2025-11-17T05:46:01.314Z] Checked if tokens are valid: true, expires at: 1763361508693
[debug] [2025-11-17T05:46:01.314Z] >>> [apiv2][query] POST https://cloudresourcemanager.googleapis.com/v1/projects/projectgear-b6776:testIamPermissions [none]
[debug] [2025-11-17T05:46:01.314Z] >>> [apiv2][(partial)header] POST https://cloudresourcemanager.googleapis.com/v1/projects/projectgear-b6776:testIamPermissions x-goog-quota-user=projects/projectgear-b6776
[debug] [2025-11-17T05:46:01.314Z] >>> [apiv2][body] POST https://cloudresourcemanager.googleapis.com/v1/projects/projectgear-b6776:testIamPermissions {"permissions":["firebase.projects.get","firebaseextensions.instances.list"]}
[debug] [2025-11-17T05:46:01.534Z] <<< [apiv2][status] POST https://cloudresourcemanager.googleapis.com/v1/projects/projectgear-b6776:testIamPermissions 200
[debug] [2025-11-17T05:46:01.534Z] <<< [apiv2][body] POST https://cloudresourcemanager.googleapis.com/v1/projects/projectgear-b6776:testIamPermissions {"permissions":["firebase.projects.get","firebaseextensions.instances.list"]}
[debug] [2025-11-17T05:46:01.534Z] Checked if tokens are valid: true, expires at: 1763361508693
[debug] [2025-11-17T05:46:01.535Z] Checked if tokens are valid: true, expires at: 1763361508693
[debug] [2025-11-17T05:46:01.535Z] >>> [apiv2][query] GET https://firebaseextensions.googleapis.com/v1beta/projects/projectgear-b6776/instances pageSize=100&pageToken=
[debug] [2025-11-17T05:46:02.320Z] <<< [apiv2][status] GET https://firebaseextensions.googleapis.com/v1beta/projects/projectgear-b6776/instances 200
[debug] [2025-11-17T05:46:02.320Z] <<< [apiv2][body] GET https://firebaseextensions.googleapis.com/v1beta/projects/projectgear-b6776/instances {}
[info] i  functions: preparing functions directory for uploading... 
[info] i  functions: packaged C:\Users\Ricar\IgnitionShift\functions (69.31 KB) for uploading 
[debug] [2025-11-17T05:46:02.358Z] Checked if tokens are valid: true, expires at: 1763361508693
[debug] [2025-11-17T05:46:02.358Z] Checked if tokens are valid: true, expires at: 1763361508693
[debug] [2025-11-17T05:46:02.358Z] >>> [apiv2][query] GET https://cloudfunctions.googleapis.com/v1/projects/projectgear-b6776/locations/-/functions [none]
[debug] [2025-11-17T05:46:03.009Z] <<< [apiv2][status] GET https://cloudfunctions.googleapis.com/v1/projects/projectgear-b6776/locations/-/functions 200
[debug] [2025-11-17T05:46:03.009Z] <<< [apiv2][body] GET https://cloudfunctions.googleapis.com/v1/projects/projectgear-b6776/locations/-/functions {}
[debug] [2025-11-17T05:46:03.009Z] Checked if tokens are valid: true, expires at: 1763361508693
[debug] [2025-11-17T05:46:03.010Z] Checked if tokens are valid: true, expires at: 1763361508693
[debug] [2025-11-17T05:46:03.010Z] >>> [apiv2][query] GET https://cloudfunctions.googleapis.com/v2/projects/projectgear-b6776/locations/-/functions filter=environment%3D%22GEN_2%22
[debug] [2025-11-17T05:46:03.989Z] <<< [apiv2][status] GET https://cloudfunctions.googleapis.com/v2/projects/projectgear-b6776/locations/-/functions 200
[debug] [2025-11-17T05:46:03.989Z] <<< [apiv2][body] GET https://cloudfunctions.googleapis.com/v2/projects/projectgear-b6776/locations/-/functions {"functions":[{"name":"projects/projectgear-b6776/locations/us-central1/functions/processPayPalPayment","buildConfig":{"build":"projects/916044026836/locations/us-central1/builds/dc3b130b-9d75-4fef-a434-25fdd02780c5","runtime":"nodejs20","entryPoint":"processPayPalPayment","source":{"storageSource":{"bucket":"gcf-v2-sources-916044026836-us-central1","object":"processPayPalPayment/function-source.zip","generation":"1763354815155270"}},"environmentVariables":{"GOOGLE_NODE_RUN_SCRIPTS":""},"dockerRepository":"projects/projectgear-b6776/locations/us-central1/repositories/gcf-artifacts","sourceProvenance":{"resolvedStorageSource":{"bucket":"gcf-v2-sources-916044026836-us-central1","object":"processPayPalPayment/function-source.zip","generation":"1763354815155270"}},"dockerRegistry":"ARTIFACT_REGISTRY","serviceAccount":"projects/projectgear-b6776/serviceAccounts/916044026836-compute@developer.gserviceaccount.com","automaticUpdatePolicy":{}},"state":"UNKNOWN","updateTime":"2025-11-17T04:58:40.704511856Z","labels":{"deployment-tool":"cli-firebase","firebase-functions-hash":"08727b27bd2c33eac60828da0b990cea1aaf0f19"},"stateMessages":[{"severity":"ERROR","type":"CloudRunServiceNotFound","message":"Cloud Run service projects/projectgear-b6776/locations/us-central1/services/processpaypalpayment for the function was not found. The function will not work correctly. Please redeploy."}],"environment":"GEN_2","url":"https://us-central1-projectgear-b6776.cloudfunctions.net/processPayPalPayment","createTime":"2025-11-17T04:46:55.438320582Z","satisfiesPzi":true}]}
[info] i  functions: ensuring required API run.googleapis.com is enabled... 
[info] i  functions: ensuring required API eventarc.googleapis.com is enabled... 
[info] i  functions: ensuring required API pubsub.googleapis.com is enabled... 
[info] i  functions: ensuring required API storage.googleapis.com is enabled... 
[info] i  functions: generating the service identity for pubsub.googleapis.com... 
[debug] [2025-11-17T05:46:03.993Z] Checked if tokens are valid: true, expires at: 1763361508693
[debug] [2025-11-17T05:46:03.993Z] Checked if tokens are valid: true, expires at: 1763361508693
[info] i  functions: generating the service identity for eventarc.googleapis.com... 
[debug] [2025-11-17T05:46:03.993Z] Checked if tokens are valid: true, expires at: 1763361508693
[debug] [2025-11-17T05:46:03.993Z] Checked if tokens are valid: true, expires at: 1763361508693
[debug] [2025-11-17T05:46:03.994Z] >>> [apiv2][query] POST https://serviceusage.googleapis.com/v1beta1/projects/916044026836/services/pubsub.googleapis.com:generateServiceIdentity [none]
[debug] [2025-11-17T05:46:03.994Z] >>> [apiv2][(partial)header] POST https://serviceusage.googleapis.com/v1beta1/projects/916044026836/services/pubsub.googleapis.com:generateServiceIdentity x-goog-quota-user=projects/916044026836
[debug] [2025-11-17T05:46:03.994Z] >>> [apiv2][body] POST https://serviceusage.googleapis.com/v1beta1/projects/916044026836/services/pubsub.googleapis.com:generateServiceIdentity {}
[debug] [2025-11-17T05:46:03.995Z] >>> [apiv2][query] POST https://serviceusage.googleapis.com/v1beta1/projects/916044026836/services/eventarc.googleapis.com:generateServiceIdentity [none]
[debug] [2025-11-17T05:46:03.995Z] >>> [apiv2][(partial)header] POST https://serviceusage.googleapis.com/v1beta1/projects/916044026836/services/eventarc.googleapis.com:generateServiceIdentity x-goog-quota-user=projects/916044026836
[debug] [2025-11-17T05:46:03.995Z] >>> [apiv2][body] POST https://serviceusage.googleapis.com/v1beta1/projects/916044026836/services/eventarc.googleapis.com:generateServiceIdentity {}
[debug] [2025-11-17T05:46:04.935Z] <<< [apiv2][status] POST https://serviceusage.googleapis.com/v1beta1/projects/916044026836/services/pubsub.googleapis.com:generateServiceIdentity 200
[debug] [2025-11-17T05:46:04.935Z] <<< [apiv2][body] POST https://serviceusage.googleapis.com/v1beta1/projects/916044026836/services/pubsub.googleapis.com:generateServiceIdentity {"name":"operations/finished.DONE_OPERATION","done":true,"response":{"@type":"type.googleapis.com/google.api.serviceusage.v1beta1.ServiceIdentity","email":"service-916044026836@gcp-sa-pubsub.iam.gserviceaccount.com","uniqueId":"112846706452210908835"}}
[debug] [2025-11-17T05:46:04.978Z] <<< [apiv2][status] POST https://serviceusage.googleapis.com/v1beta1/projects/916044026836/services/eventarc.googleapis.com:generateServiceIdentity 200
[debug] [2025-11-17T05:46:04.978Z] <<< [apiv2][body] POST https://serviceusage.googleapis.com/v1beta1/projects/916044026836/services/eventarc.googleapis.com:generateServiceIdentity {"name":"operations/finished.DONE_OPERATION","done":true,"response":{"@type":"type.googleapis.com/google.api.serviceusage.v1beta1.ServiceIdentity","email":"service-916044026836@gcp-sa-eventarc.iam.gserviceaccount.com","uniqueId":"116008381649509266568"}}
[debug] [2025-11-17T05:46:04.980Z] Checked if tokens are valid: true, expires at: 1763361508693
[debug] [2025-11-17T05:46:04.980Z] Checked if tokens are valid: true, expires at: 1763361508693
[debug] [2025-11-17T05:46:04.980Z] >>> [apiv2][query] GET https://cloudresourcemanager.googleapis.com/v1/projects/projectgear-b6776 [none]
[debug] [2025-11-17T05:46:05.164Z] <<< [apiv2][status] GET https://cloudresourcemanager.googleapis.com/v1/projects/projectgear-b6776 200
[debug] [2025-11-17T05:46:05.164Z] <<< [apiv2][body] GET https://cloudresourcemanager.googleapis.com/v1/projects/projectgear-b6776 {"projectNumber":"916044026836","projectId":"projectgear-b6776","lifecycleState":"ACTIVE","name":"IgnitionShift","labels":{"firebase":"enabled"},"createTime":"2024-11-29T15:32:14.394643Z"}
[debug] [2025-11-17T05:46:05.164Z] Checked if tokens are valid: true, expires at: 1763361508693
[debug] [2025-11-17T05:46:05.164Z] Checked if tokens are valid: true, expires at: 1763361508693
[debug] [2025-11-17T05:46:05.164Z] >>> [apiv2][query] GET https://compute.googleapis.com/compute/v1/projects/916044026836 [none]
[debug] [2025-11-17T05:46:05.590Z] <<< [apiv2][status] GET https://compute.googleapis.com/compute/v1/projects/916044026836 200
[debug] [2025-11-17T05:46:05.590Z] <<< [apiv2][body] GET https://compute.googleapis.com/compute/v1/projects/916044026836 {"kind":"compute#project","id":"1453112796529500412","creationTimestamp":"2025-11-16T20:01:24.213-08:00","name":"projectgear-b6776","commonInstanceMetadata":{"kind":"compute#metadata","fingerprint":"-9SmPrgPFuM="},"quotas":[{"metric":"SNAPSHOTS","limit":1000,"usage":0},{"metric":"NETWORKS","limit":5,"usage":1},{"metric":"FIREWALLS","limit":100,"usage":4},{"metric":"IMAGES","limit":100,"usage":0},{"metric":"STATIC_ADDRESSES","limit":8,"usage":0},{"metric":"ROUTES","limit":200,"usage":0},{"metric":"FORWARDING_RULES","limit":15,"usage":0},{"metric":"TARGET_POOLS","limit":50,"usage":0},{"metric":"HEALTH_CHECKS","limit":75,"usage":0},{"metric":"IN_USE_ADDRESSES","limit":4,"usage":0},{"metric":"TARGET_INSTANCES","limit":50,"usage":0},{"metric":"TARGET_HTTP_PROXIES","limit":10,"usage":0},{"metric":"URL_MAPS","limit":10,"usage":0},{"metric":"BACKEND_SERVICES","limit":50,"usage":0},{"metric":"INSTANCE_TEMPLATES","limit":100,"usage":0},{"metric":"TARGET_VPN_GATEWAYS","limit":5,"usage":0},{"metric":"VPN_TUNNELS","limit":10,"usage":0},{"metric":"BACKEND_BUCKETS","limit":3,"usage":0},{"metric":"ROUTERS","limit":10,"usage":0},{"metric":"TARGET_SSL_PROXIES","limit":10,"usage":0},{"metric":"TARGET_HTTPS_PROXIES","limit":10,"usage":0},{"metric":"SSL_CERTIFICATES","limit":10,"usage":0},{"metric":"SUBNETWORKS","limit":100,"usage":0},{"metric":"TARGET_TCP_PROXIES","limit":10,"usage":0},{"metric":"CPUS_ALL_REGIONS","limit":12,"usage":0},{"metric":"SECURITY_POLICIES","limit":0,"usage":0},{"metric":"SECURITY_POLICY_RULES","limit":0,"usage":0},{"metric":"XPN_SERVICE_PROJECTS","limit":1000,"usage":0},{"metric":"PACKET_MIRRORINGS","limit":20,"usage":0},{"metric":"NETWORK_ENDPOINT_GROUPS","limit":100,"usage":0},{"metric":"INTERCONNECTS","limit":6,"usage":0},{"metric":"SSL_POLICIES","limit":10,"usage":0},{"metric":"GLOBAL_INTERNAL_ADDRESSES","limit":5000,"usage":0},{"metric":"VPN_GATEWAYS","limit":5,"usage":0},{"metric":"MACHINE_IMAGES","limit":100,"usage":0},{"metric":"SECURITY_POLICY_CEVAL_RULES","limit":0,"usage":0},{"metric":"GPUS_ALL_REGIONS","limit":0,"usage":0},{"metric":"EXTERNAL_VPN_GATEWAYS","limit":5,"usage":0},{"metric":"PUBLIC_ADVERTISED_PREFIXES","limit":1,"usage":0},{"metric":"PUBLIC_DELEGATED_PREFIXES","limit":10,"usage":0},{"metric":"STATIC_BYOIP_ADDRESSES","limit":128,"usage":0},{"metric":"NETWORK_FIREWALL_POLICIES","limit":10,"usage":0},{"metric":"INTERNAL_TRAFFIC_DIRECTOR_FORWARDING_RULES","limit":15,"usage":0},{"metric":"GLOBAL_EXTERNAL_MANAGED_FORWARDING_RULES","limit":15,"usage":0},{"metric":"GLOBAL_INTERNAL_MANAGED_BACKEND_SERVICES","limit":50,"usage":0},{"metric":"GLOBAL_EXTERNAL_MANAGED_BACKEND_SERVICES","limit":50,"usage":0},{"metric":"GLOBAL_EXTERNAL_PROXY_LB_BACKEND_SERVICES","limit":50,"usage":0},{"metric":"GLOBAL_INTERNAL_TRAFFIC_DIRECTOR_BACKEND_SERVICES","limit":100,"usage":0}],"selfLink":"https://www.googleapis.com/compute/v1/projects/projectgear-b6776","defaultServiceAccount":"916044026836-compute@developer.gserviceaccount.com","xpnProjectStatus":"UNSPECIFIED_XPN_PROJECT_STATUS","defaultNetworkTier":"PREMIUM","vmDnsSetting":"ZONAL_ONLY","cloudArmorTier":"CA_STANDARD"}
[debug] [2025-11-17T05:46:05.591Z] Checked if tokens are valid: true, expires at: 1763361508693
[debug] [2025-11-17T05:46:05.591Z] Checked if tokens are valid: true, expires at: 1763361508693
[debug] [2025-11-17T05:46:05.591Z] >>> [apiv2][query] GET https://cloudbilling.googleapis.com/v1/projects/projectgear-b6776/billingInfo [none]
[debug] [2025-11-17T05:46:06.342Z] <<< [apiv2][status] GET https://cloudbilling.googleapis.com/v1/projects/projectgear-b6776/billingInfo 200
[debug] [2025-11-17T05:46:06.342Z] <<< [apiv2][body] GET https://cloudbilling.googleapis.com/v1/projects/projectgear-b6776/billingInfo {"name":"projects/projectgear-b6776/billingInfo","projectId":"projectgear-b6776","billingAccountName":"billingAccounts/01476A-8B4457-814879","billingEnabled":true}
[debug] [2025-11-17T05:46:06.343Z] [functions] found 1 new HTTP functions, testing setIamPolicy permission...
[debug] [2025-11-17T05:46:06.343Z] Checked if tokens are valid: true, expires at: 1763361508693
[debug] [2025-11-17T05:46:06.343Z] Checked if tokens are valid: true, expires at: 1763361508693
[debug] [2025-11-17T05:46:06.343Z] >>> [apiv2][query] POST https://cloudresourcemanager.googleapis.com/v1/projects/projectgear-b6776:testIamPermissions [none]
[debug] [2025-11-17T05:46:06.343Z] >>> [apiv2][(partial)header] POST https://cloudresourcemanager.googleapis.com/v1/projects/projectgear-b6776:testIamPermissions x-goog-quota-user=projects/projectgear-b6776
[debug] [2025-11-17T05:46:06.344Z] >>> [apiv2][body] POST https://cloudresourcemanager.googleapis.com/v1/projects/projectgear-b6776:testIamPermissions {"permissions":["cloudfunctions.functions.setIamPolicy"]}
[debug] [2025-11-17T05:46:06.480Z] <<< [apiv2][status] POST https://cloudresourcemanager.googleapis.com/v1/projects/projectgear-b6776:testIamPermissions 200
[debug] [2025-11-17T05:46:06.480Z] <<< [apiv2][body] POST https://cloudresourcemanager.googleapis.com/v1/projects/projectgear-b6776:testIamPermissions {"permissions":["cloudfunctions.functions.setIamPolicy"]}
[debug] [2025-11-17T05:46:06.480Z] [functions] found setIamPolicy permission, proceeding with deploy
[debug] [2025-11-17T05:46:06.481Z] Checked if tokens are valid: true, expires at: 1763361508693
[debug] [2025-11-17T05:46:06.481Z] Checked if tokens are valid: true, expires at: 1763361508693
[debug] [2025-11-17T05:46:06.481Z] >>> [apiv2][query] POST https://cloudfunctions.googleapis.com/v2/projects/projectgear-b6776/locations/us-central1/functions:generateUploadUrl [none]
[debug] [2025-11-17T05:46:07.270Z] <<< [apiv2][status] POST https://cloudfunctions.googleapis.com/v2/projects/projectgear-b6776/locations/us-central1/functions:generateUploadUrl 200
[debug] [2025-11-17T05:46:07.270Z] <<< [apiv2][body] POST https://cloudfunctions.googleapis.com/v2/projects/projectgear-b6776/locations/us-central1/functions:generateUploadUrl {"uploadUrl":"https://storage.googleapis.com/gcf-v2-uploads-916044026836.us-central1.cloudfunctions.appspot.com/f75fc7df-cb45-4376-82cc-11e2faf40b38.zip?GoogleAccessId=service-916044026836@gcf-admin-robot.iam.gserviceaccount.com&Expires=1763359999&Signature=ilSLUMqSFPn8Lpr9XoIBjRw5VvBG7ZbjzA3KdgVq9TFRUTVEHA0GRFFZ91I3peRhmHqti17RczLfYLB6EYd9aDvU6dtgoBLW6PpAOcG%2BHcXLNVpuA72G7EE%2BzTB7KPshzBUBdLmiHtrzLC9sh%2Fg%2Bt4k1CjXkiix%2Bb9ZazApEo%2BvBwKUQoXZ9h5Z7etqjMGqGM%2BNsiNNI4ORem5SS3UE33DT10kzw5UpHwgZ1PgsXPJyG86MgKh%2BZYTeobV0Ftt1qFbQ%2Br%2B1%2F5wmpdzhDj3kpo6qvPZSYWHHAVZtE12vHLiV8JtFRS66GzhlIyfSGrTDNtOlL62uQmKQ0sLUi4w2O%2Fw%3D%3D","storageSource":{"bucket":"gcf-v2-uploads-916044026836.us-central1.cloudfunctions.appspot.com","object":"f75fc7df-cb45-4376-82cc-11e2faf40b38.zip"}}
[debug] [2025-11-17T05:46:07.271Z] >>> [apiv2][query] PUT https://storage.googleapis.com/gcf-v2-uploads-916044026836.us-central1.cloudfunctions.appspot.com/f75fc7df-cb45-4376-82cc-11e2faf40b38.zip GoogleAccessId=service-916044026836%40gcf-admin-robot.iam.gserviceaccount.com&Expires=1763359999&Signature=ilSLUMqSFPn8Lpr9XoIBjRw5VvBG7ZbjzA3KdgVq9TFRUTVEHA0GRFFZ91I3peRhmHqti17RczLfYLB6EYd9aDvU6dtgoBLW6PpAOcG%2BHcXLNVpuA72G7EE%2BzTB7KPshzBUBdLmiHtrzLC9sh%2Fg%2Bt4k1CjXkiix%2Bb9ZazApEo%2BvBwKUQoXZ9h5Z7etqjMGqGM%2BNsiNNI4ORem5SS3UE33DT10kzw5UpHwgZ1PgsXPJyG86MgKh%2BZYTeobV0Ftt1qFbQ%2Br%2B1%2F5wmpdzhDj3kpo6qvPZSYWHHAVZtE12vHLiV8JtFRS66GzhlIyfSGrTDNtOlL62uQmKQ0sLUi4w2O%2Fw%3D%3D
[debug] [2025-11-17T05:46:07.271Z] >>> [apiv2][body] PUT https://storage.googleapis.com/gcf-v2-uploads-916044026836.us-central1.cloudfunctions.appspot.com/f75fc7df-cb45-4376-82cc-11e2faf40b38.zip [stream]
[debug] [2025-11-17T05:46:07.776Z] <<< [apiv2][status] PUT https://storage.googleapis.com/gcf-v2-uploads-916044026836.us-central1.cloudfunctions.appspot.com/f75fc7df-cb45-4376-82cc-11e2faf40b38.zip 200
[debug] [2025-11-17T05:46:07.776Z] <<< [apiv2][body] PUT https://storage.googleapis.com/gcf-v2-uploads-916044026836.us-central1.cloudfunctions.appspot.com/f75fc7df-cb45-4376-82cc-11e2faf40b38.zip [omitted]
[info] +  functions: functions source uploaded successfully 
[info] i  functions: creating Node.js 22 (2nd Gen) function createStripeCheckout(us-central1)... 
[debug] [2025-11-17T05:46:07.779Z] Checked if tokens are valid: true, expires at: 1763361508693
[debug] [2025-11-17T05:46:07.780Z] Checked if tokens are valid: true, expires at: 1763361508693
[debug] [2025-11-17T05:46:07.780Z] >>> [apiv2][query] POST https://cloudfunctions.googleapis.com/v2/projects/projectgear-b6776/locations/us-central1/functions functionId=createStripeCheckout
[debug] [2025-11-17T05:46:07.780Z] >>> [apiv2][body] POST https://cloudfunctions.googleapis.com/v2/projects/projectgear-b6776/locations/us-central1/functions {"name":"projects/projectgear-b6776/locations/us-central1/functions/createStripeCheckout","buildConfig":{"runtime":"nodejs22","entryPoint":"createStripeCheckout","source":{"storageSource":{"bucket":"gcf-v2-uploads-916044026836.us-central1.cloudfunctions.appspot.com","object":"f75fc7df-cb45-4376-82cc-11e2faf40b38.zip"}},"environmentVariables":{"GOOGLE_NODE_RUN_SCRIPTS":""}},"serviceConfig":{"environmentVariables":{"FIREBASE_CONFIG":"{\"projectId\":\"projectgear-b6776\",\"databaseURL\":\"https://projectgear-b6776-default-rtdb.europe-west1.firebasedatabase.app\",\"storageBucket\":\"projectgear-b6776.firebasestorage.app\"}","GCLOUD_PROJECT":"projectgear-b6776","EVENTARC_CLOUD_EVENT_SOURCE":"projects/projectgear-b6776/locations/us-central1/services/createStripeCheckout","FUNCTION_TARGET":"createStripeCheckout","LOG_EXECUTION_ID":"true"},"ingressSettings":null,"timeoutSeconds":null,"serviceAccountEmail":null,"availableMemory":"256Mi","minInstanceCount":null,"maxInstanceCount":null,"maxInstanceRequestConcurrency":80,"availableCpu":"1","vpcConnector":null,"vpcConnectorEgressSettings":null},"labels":{"deployment-tool":"cli-firebase","firebase-functions-hash":"d6c38a7b72c3bd91fe0f71ce7261066d1a6ee927"}}
[debug] [2025-11-17T05:46:08.961Z] <<< [apiv2][status] POST https://cloudfunctions.googleapis.com/v2/projects/projectgear-b6776/locations/us-central1/functions 200
[debug] [2025-11-17T05:46:08.961Z] <<< [apiv2][body] POST https://cloudfunctions.googleapis.com/v2/projects/projectgear-b6776/locations/us-central1/functions {"name":"projects/projectgear-b6776/locations/us-central1/operations/operation-1763358200761-643c3d32b0da8-e50cc0c8-e9ab9159","metadata":{"@type":"type.googleapis.com/google.cloud.functions.v2.OperationMetadata","createTime":"2025-11-17T05:43:21.197646616Z","target":"projects/projectgear-b6776/locations/us-central1/functions/createStripeCheckout","verb":"create","cancelRequested":false,"apiVersion":"v2"},"done":false}
[debug] [2025-11-17T05:46:08.962Z] Checked if tokens are valid: true, expires at: 1763361508693
[debug] [2025-11-17T05:46:08.962Z] Checked if tokens are valid: true, expires at: 1763361508693
[debug] [2025-11-17T05:46:08.962Z] >>> [apiv2][query] GET https://cloudfunctions.googleapis.com/v2/projects/projectgear-b6776/locations/us-central1/operations/operation-1763358200761-643c3d32b0da8-e50cc0c8-e9ab9159 [none]
[debug] [2025-11-17T05:46:09.664Z] <<< [apiv2][status] GET https://cloudfunctions.googleapis.com/v2/projects/projectgear-b6776/locations/us-central1/operations/operation-1763358200761-643c3d32b0da8-e50cc0c8-e9ab9159 200
[debug] [2025-11-17T05:46:09.664Z] <<< [apiv2][body] GET https://cloudfunctions.googleapis.com/v2/projects/projectgear-b6776/locations/us-central1/operations/operation-1763358200761-643c3d32b0da8-e50cc0c8-e9ab9159 {"name":"projects/projectgear-b6776/locations/us-central1/operations/operation-1763358200761-643c3d32b0da8-e50cc0c8-e9ab9159","metadata":{"@type":"type.googleapis.com/google.cloud.functions.v2.OperationMetadata","createTime":"2025-11-17T05:43:21.197646616Z","target":"projects/projectgear-b6776/locations/us-central1/functions/createStripeCheckout","verb":"create","cancelRequested":false,"apiVersion":"v2","requestResource":{"@type":"type.googleapis.com/google.cloud.functions.v2.Function","name":"projects/projectgear-b6776/locations/us-central1/functions/createStripeCheckout","buildConfig":{"runtime":"nodejs22","entryPoint":"createStripeCheckout","source":{"storageSource":{"bucket":"gcf-v2-sources-916044026836-us-central1","object":"createStripeCheckout/function-source.zip","generation":"1763358200986597"}},"environmentVariables":{"GOOGLE_NODE_RUN_SCRIPTS":""},"serviceAccount":"projects/projectgear-b6776/serviceAccounts/916044026836-compute@developer.gserviceaccount.com","automaticUpdatePolicy":{}},"serviceConfig":{"service":"projects/projectgear-b6776/locations/us-central1/services/createstripecheckout","timeoutSeconds":60,"environmentVariables":{"FIREBASE_CONFIG":"{\"projectId\":\"projectgear-b6776\",\"databaseURL\":\"https://projectgear-b6776-default-rtdb.europe-west1.firebasedatabase.app\",\"storageBucket\":\"projectgear-b6776.firebasestorage.app\"}","GCLOUD_PROJECT":"projectgear-b6776","EVENTARC_CLOUD_EVENT_SOURCE":"projects/projectgear-b6776/locations/us-central1/services/createStripeCheckout","FUNCTION_TARGET":"createStripeCheckout","LOG_EXECUTION_ID":"true"},"ingressSettings":"ALLOW_ALL","serviceAccountEmail":"916044026836-compute@developer.gserviceaccount.com","availableMemory":"256Mi","maxInstanceRequestConcurrency":80,"availableCpu":"1"},"labels":{"deployment-tool":"cli-firebase","firebase-functions-hash":"d6c38a7b72c3bd91fe0f71ce7261066d1a6ee927"},"environment":"GEN_2"},"stages":[{"name":"BUILD","message":"Creating build","state":"IN_PROGRESS","resource":"projects/916044026836/locations/us-central1/builds/8752e6a9-3319-4634-bea8-5c5493d5a709","resourceUri":"https://console.cloud.google.com/cloud-build/builds;region=us-central1/8752e6a9-3319-4634-bea8-5c5493d5a709?project=916044026836"},{"name":"SERVICE","state":"NOT_STARTED"}],"operationType":"CREATE_FUNCTION","buildName":"projects/916044026836/locations/us-central1/builds/8752e6a9-3319-4634-bea8-5c5493d5a709"},"done":false}
[debug] [2025-11-17T05:46:10.176Z] [create-default-us-central1-createStripeCheckout] Retrying task index 0
[debug] [2025-11-17T05:46:10.176Z] Checked if tokens are valid: true, expires at: 1763361508693
[debug] [2025-11-17T05:46:10.176Z] Checked if tokens are valid: true, expires at: 1763361508693
[debug] [2025-11-17T05:46:10.177Z] >>> [apiv2][query] GET https://cloudfunctions.googleapis.com/v2/projects/projectgear-b6776/locations/us-central1/operations/operation-1763358200761-643c3d32b0da8-e50cc0c8-e9ab9159 [none]
[debug] [2025-11-17T05:46:10.880Z] <<< [apiv2][status] GET https://cloudfunctions.googleapis.com/v2/projects/projectgear-b6776/locations/us-central1/operations/operation-1763358200761-643c3d32b0da8-e50cc0c8-e9ab9159 200
[debug] [2025-11-17T05:46:10.880Z] <<< [apiv2][body] GET https://cloudfunctions.googleapis.com/v2/projects/projectgear-b6776/locations/us-central1/operations/operation-1763358200761-643c3d32b0da8-e50cc0c8-e9ab9159 {"name":"projects/projectgear-b6776/locations/us-central1/operations/operation-1763358200761-643c3d32b0da8-e50cc0c8-e9ab9159","metadata":{"@type":"type.googleapis.com/google.cloud.functions.v2.OperationMetadata","createTime":"2025-11-17T05:43:21.197646616Z","target":"projects/projectgear-b6776/locations/us-central1/functions/createStripeCheckout","verb":"create","cancelRequested":false,"apiVersion":"v2","requestResource":{"@type":"type.googleapis.com/google.cloud.functions.v2.Function","name":"projects/projectgear-b6776/locations/us-central1/functions/createStripeCheckout","buildConfig":{"runtime":"nodejs22","entryPoint":"createStripeCheckout","source":{"storageSource":{"bucket":"gcf-v2-sources-916044026836-us-central1","object":"createStripeCheckout/function-source.zip","generation":"1763358200986597"}},"environmentVariables":{"GOOGLE_NODE_RUN_SCRIPTS":""},"serviceAccount":"projects/projectgear-b6776/serviceAccounts/916044026836-compute@developer.gserviceaccount.com","automaticUpdatePolicy":{}},"serviceConfig":{"service":"projects/projectgear-b6776/locations/us-central1/services/createstripecheckout","timeoutSeconds":60,"environmentVariables":{"FIREBASE_CONFIG":"{\"projectId\":\"projectgear-b6776\",\"databaseURL\":\"https://projectgear-b6776-default-rtdb.europe-west1.firebasedatabase.app\",\"storageBucket\":\"projectgear-b6776.firebasestorage.app\"}","GCLOUD_PROJECT":"projectgear-b6776","EVENTARC_CLOUD_EVENT_SOURCE":"projects/projectgear-b6776/locations/us-central1/services/createStripeCheckout","FUNCTION_TARGET":"createStripeCheckout","LOG_EXECUTION_ID":"true"},"ingressSettings":"ALLOW_ALL","serviceAccountEmail":"916044026836-compute@developer.gserviceaccount.com","availableMemory":"256Mi","maxInstanceRequestConcurrency":80,"availableCpu":"1"},"labels":{"deployment-tool":"cli-firebase","firebase-functions-hash":"d6c38a7b72c3bd91fe0f71ce7261066d1a6ee927"},"environment":"GEN_2"},"stages":[{"name":"BUILD","message":"Build in progress","state":"IN_PROGRESS","resource":"projects/916044026836/locations/us-central1/builds/8752e6a9-3319-4634-bea8-5c5493d5a709","resourceUri":"https://console.cloud.google.com/cloud-build/builds;region=us-central1/8752e6a9-3319-4634-bea8-5c5493d5a709?project=916044026836"},{"name":"SERVICE","state":"NOT_STARTED"}],"operationType":"CREATE_FUNCTION","buildName":"projects/916044026836/locations/us-central1/builds/8752e6a9-3319-4634-bea8-5c5493d5a709"},"done":false}
[debug] [2025-11-17T05:46:11.889Z] [create-default-us-central1-createStripeCheckout] Retrying task index 0
[debug] [2025-11-17T05:46:11.889Z] Checked if tokens are valid: true, expires at: 1763361508693
[debug] [2025-11-17T05:46:11.890Z] Checked if tokens are valid: true, expires at: 1763361508693
[debug] [2025-11-17T05:46:11.890Z] >>> [apiv2][query] GET https://cloudfunctions.googleapis.com/v2/projects/projectgear-b6776/locations/us-central1/operations/operation-1763358200761-643c3d32b0da8-e50cc0c8-e9ab9159 [none]
[debug] [2025-11-17T05:46:12.603Z] <<< [apiv2][status] GET https://cloudfunctions.googleapis.com/v2/projects/projectgear-b6776/locations/us-central1/operations/operation-1763358200761-643c3d32b0da8-e50cc0c8-e9ab9159 200
[debug] [2025-11-17T05:46:12.603Z] <<< [apiv2][body] GET https://cloudfunctions.googleapis.com/v2/projects/projectgear-b6776/locations/us-central1/operations/operation-1763358200761-643c3d32b0da8-e50cc0c8-e9ab9159 {"name":"projects/projectgear-b6776/locations/us-central1/operations/operation-1763358200761-643c3d32b0da8-e50cc0c8-e9ab9159","metadata":{"@type":"type.googleapis.com/google.cloud.functions.v2.OperationMetadata","createTime":"2025-11-17T05:43:21.197646616Z","target":"projects/projectgear-b6776/locations/us-central1/functions/createStripeCheckout","verb":"create","cancelRequested":false,"apiVersion":"v2","requestResource":{"@type":"type.googleapis.com/google.cloud.functions.v2.Function","name":"projects/projectgear-b6776/locations/us-central1/functions/createStripeCheckout","buildConfig":{"runtime":"nodejs22","entryPoint":"createStripeCheckout","source":{"storageSource":{"bucket":"gcf-v2-sources-916044026836-us-central1","object":"createStripeCheckout/function-source.zip","generation":"1763358200986597"}},"environmentVariables":{"GOOGLE_NODE_RUN_SCRIPTS":""},"serviceAccount":"projects/projectgear-b6776/serviceAccounts/916044026836-compute@developer.gserviceaccount.com","automaticUpdatePolicy":{}},"serviceConfig":{"service":"projects/projectgear-b6776/locations/us-central1/services/createstripecheckout","timeoutSeconds":60,"environmentVariables":{"FIREBASE_CONFIG":"{\"projectId\":\"projectgear-b6776\",\"databaseURL\":\"https://projectgear-b6776-default-rtdb.europe-west1.firebasedatabase.app\",\"storageBucket\":\"projectgear-b6776.firebasestorage.app\"}","GCLOUD_PROJECT":"projectgear-b6776","EVENTARC_CLOUD_EVENT_SOURCE":"projects/projectgear-b6776/locations/us-central1/services/createStripeCheckout","FUNCTION_TARGET":"createStripeCheckout","LOG_EXECUTION_ID":"true"},"ingressSettings":"ALLOW_ALL","serviceAccountEmail":"916044026836-compute@developer.gserviceaccount.com","availableMemory":"256Mi","maxInstanceRequestConcurrency":80,"availableCpu":"1"},"labels":{"deployment-tool":"cli-firebase","firebase-functions-hash":"d6c38a7b72c3bd91fe0f71ce7261066d1a6ee927"},"environment":"GEN_2"},"stages":[{"name":"BUILD","message":"Build in progress","state":"IN_PROGRESS","resource":"projects/916044026836/locations/us-central1/builds/8752e6a9-3319-4634-bea8-5c5493d5a709","resourceUri":"https://console.cloud.google.com/cloud-build/builds;region=us-central1/8752e6a9-3319-4634-bea8-5c5493d5a709?project=916044026836"},{"name":"SERVICE","state":"NOT_STARTED"}],"operationType":"CREATE_FUNCTION","buildName":"projects/916044026836/locations/us-central1/builds/8752e6a9-3319-4634-bea8-5c5493d5a709"},"done":false}
[debug] [2025-11-17T05:46:14.614Z] [create-default-us-central1-createStripeCheckout] Retrying task index 0
[debug] [2025-11-17T05:46:14.615Z] Checked if tokens are valid: true, expires at: 1763361508693
[debug] [2025-11-17T05:46:14.615Z] Checked if tokens are valid: true, expires at: 1763361508693
[debug] [2025-11-17T05:46:14.615Z] >>> [apiv2][query] GET https://cloudfunctions.googleapis.com/v2/projects/projectgear-b6776/locations/us-central1/operations/operation-1763358200761-643c3d32b0da8-e50cc0c8-e9ab9159 [none]
[debug] [2025-11-17T05:46:15.313Z] <<< [apiv2][status] GET https://cloudfunctions.googleapis.com/v2/projects/projectgear-b6776/locations/us-central1/operations/operation-1763358200761-643c3d32b0da8-e50cc0c8-e9ab9159 200
[debug] [2025-11-17T05:46:15.313Z] <<< [apiv2][body] GET https://cloudfunctions.googleapis.com/v2/projects/projectgear-b6776/locations/us-central1/operations/operation-1763358200761-643c3d32b0da8-e50cc0c8-e9ab9159 {"name":"projects/projectgear-b6776/locations/us-central1/operations/operation-1763358200761-643c3d32b0da8-e50cc0c8-e9ab9159","metadata":{"@type":"type.googleapis.com/google.cloud.functions.v2.OperationMetadata","createTime":"2025-11-17T05:43:21.197646616Z","target":"projects/projectgear-b6776/locations/us-central1/functions/createStripeCheckout","verb":"create","cancelRequested":false,"apiVersion":"v2","requestResource":{"@type":"type.googleapis.com/google.cloud.functions.v2.Function","name":"projects/projectgear-b6776/locations/us-central1/functions/createStripeCheckout","buildConfig":{"runtime":"nodejs22","entryPoint":"createStripeCheckout","source":{"storageSource":{"bucket":"gcf-v2-sources-916044026836-us-central1","object":"createStripeCheckout/function-source.zip","generation":"1763358200986597"}},"environmentVariables":{"GOOGLE_NODE_RUN_SCRIPTS":""},"serviceAccount":"projects/projectgear-b6776/serviceAccounts/916044026836-compute@developer.gserviceaccount.com","automaticUpdatePolicy":{}},"serviceConfig":{"service":"projects/projectgear-b6776/locations/us-central1/services/createstripecheckout","timeoutSeconds":60,"environmentVariables":{"FIREBASE_CONFIG":"{\"projectId\":\"projectgear-b6776\",\"databaseURL\":\"https://projectgear-b6776-default-rtdb.europe-west1.firebasedatabase.app\",\"storageBucket\":\"projectgear-b6776.firebasestorage.app\"}","GCLOUD_PROJECT":"projectgear-b6776","EVENTARC_CLOUD_EVENT_SOURCE":"projects/projectgear-b6776/locations/us-central1/services/createStripeCheckout","FUNCTION_TARGET":"createStripeCheckout","LOG_EXECUTION_ID":"true"},"ingressSettings":"ALLOW_ALL","serviceAccountEmail":"916044026836-compute@developer.gserviceaccount.com","availableMemory":"256Mi","maxInstanceRequestConcurrency":80,"availableCpu":"1"},"labels":{"deployment-tool":"cli-firebase","firebase-functions-hash":"d6c38a7b72c3bd91fe0f71ce7261066d1a6ee927"},"environment":"GEN_2"},"stages":[{"name":"BUILD","message":"Build in progress","state":"IN_PROGRESS","resource":"projects/916044026836/locations/us-central1/builds/8752e6a9-3319-4634-bea8-5c5493d5a709","resourceUri":"https://console.cloud.google.com/cloud-build/builds;region=us-central1/8752e6a9-3319-4634-bea8-5c5493d5a709?project=916044026836"},{"name":"SERVICE","state":"NOT_STARTED"}],"operationType":"CREATE_FUNCTION","buildName":"projects/916044026836/locations/us-central1/builds/8752e6a9-3319-4634-bea8-5c5493d5a709"},"done":false}
[debug] [2025-11-17T05:46:19.324Z] [create-default-us-central1-createStripeCheckout] Retrying task index 0
[debug] [2025-11-17T05:46:19.324Z] Checked if tokens are valid: true, expires at: 1763361508693
[debug] [2025-11-17T05:46:19.324Z] Checked if tokens are valid: true, expires at: 1763361508693
[debug] [2025-11-17T05:46:19.324Z] >>> [apiv2][query] GET https://cloudfunctions.googleapis.com/v2/projects/projectgear-b6776/locations/us-central1/operations/operation-1763358200761-643c3d32b0da8-e50cc0c8-e9ab9159 [none]
[debug] [2025-11-17T05:46:20.016Z] <<< [apiv2][status] GET https://cloudfunctions.googleapis.com/v2/projects/projectgear-b6776/locations/us-central1/operations/operation-1763358200761-643c3d32b0da8-e50cc0c8-e9ab9159 200
[debug] [2025-11-17T05:46:20.016Z] <<< [apiv2][body] GET https://cloudfunctions.googleapis.com/v2/projects/projectgear-b6776/locations/us-central1/operations/operation-1763358200761-643c3d32b0da8-e50cc0c8-e9ab9159 {"name":"projects/projectgear-b6776/locations/us-central1/operations/operation-1763358200761-643c3d32b0da8-e50cc0c8-e9ab9159","metadata":{"@type":"type.googleapis.com/google.cloud.functions.v2.OperationMetadata","createTime":"2025-11-17T05:43:21.197646616Z","target":"projects/projectgear-b6776/locations/us-central1/functions/createStripeCheckout","verb":"create","cancelRequested":false,"apiVersion":"v2","requestResource":{"@type":"type.googleapis.com/google.cloud.functions.v2.Function","name":"projects/projectgear-b6776/locations/us-central1/functions/createStripeCheckout","buildConfig":{"runtime":"nodejs22","entryPoint":"createStripeCheckout","source":{"storageSource":{"bucket":"gcf-v2-sources-916044026836-us-central1","object":"createStripeCheckout/function-source.zip","generation":"1763358200986597"}},"environmentVariables":{"GOOGLE_NODE_RUN_SCRIPTS":""},"serviceAccount":"projects/projectgear-b6776/serviceAccounts/916044026836-compute@developer.gserviceaccount.com","automaticUpdatePolicy":{}},"serviceConfig":{"service":"projects/projectgear-b6776/locations/us-central1/services/createstripecheckout","timeoutSeconds":60,"environmentVariables":{"FIREBASE_CONFIG":"{\"projectId\":\"projectgear-b6776\",\"databaseURL\":\"https://projectgear-b6776-default-rtdb.europe-west1.firebasedatabase.app\",\"storageBucket\":\"projectgear-b6776.firebasestorage.app\"}","GCLOUD_PROJECT":"projectgear-b6776","EVENTARC_CLOUD_EVENT_SOURCE":"projects/projectgear-b6776/locations/us-central1/services/createStripeCheckout","FUNCTION_TARGET":"createStripeCheckout","LOG_EXECUTION_ID":"true"},"ingressSettings":"ALLOW_ALL","serviceAccountEmail":"916044026836-compute@developer.gserviceaccount.com","availableMemory":"256Mi","maxInstanceRequestConcurrency":80,"availableCpu":"1"},"labels":{"deployment-tool":"cli-firebase","firebase-functions-hash":"d6c38a7b72c3bd91fe0f71ce7261066d1a6ee927"},"environment":"GEN_2"},"stages":[{"name":"BUILD","message":"Build in progress","state":"IN_PROGRESS","resource":"projects/916044026836/locations/us-central1/builds/8752e6a9-3319-4634-bea8-5c5493d5a709","resourceUri":"https://console.cloud.google.com/cloud-build/builds;region=us-central1/8752e6a9-3319-4634-bea8-5c5493d5a709?project=916044026836"},{"name":"SERVICE","state":"NOT_STARTED"}],"operationType":"CREATE_FUNCTION","buildName":"projects/916044026836/locations/us-central1/builds/8752e6a9-3319-4634-bea8-5c5493d5a709"},"done":false}
[debug] [2025-11-17T05:46:28.025Z] [create-default-us-central1-createStripeCheckout] Retrying task index 0
[debug] [2025-11-17T05:46:28.025Z] Checked if tokens are valid: true, expires at: 1763361508693
[debug] [2025-11-17T05:46:28.025Z] Checked if tokens are valid: true, expires at: 1763361508693
[debug] [2025-11-17T05:46:28.025Z] >>> [apiv2][query] GET https://cloudfunctions.googleapis.com/v2/projects/projectgear-b6776/locations/us-central1/operations/operation-1763358200761-643c3d32b0da8-e50cc0c8-e9ab9159 [none]
[debug] [2025-11-17T05:46:28.818Z] <<< [apiv2][status] GET https://cloudfunctions.googleapis.com/v2/projects/projectgear-b6776/locations/us-central1/operations/operation-1763358200761-643c3d32b0da8-e50cc0c8-e9ab9159 200
[debug] [2025-11-17T05:46:28.819Z] <<< [apiv2][body] GET https://cloudfunctions.googleapis.com/v2/projects/projectgear-b6776/locations/us-central1/operations/operation-1763358200761-643c3d32b0da8-e50cc0c8-e9ab9159 {"name":"projects/projectgear-b6776/locations/us-central1/operations/operation-1763358200761-643c3d32b0da8-e50cc0c8-e9ab9159","metadata":{"@type":"type.googleapis.com/google.cloud.functions.v2.OperationMetadata","createTime":"2025-11-17T05:43:21.197646616Z","target":"projects/projectgear-b6776/locations/us-central1/functions/createStripeCheckout","verb":"create","cancelRequested":false,"apiVersion":"v2","requestResource":{"@type":"type.googleapis.com/google.cloud.functions.v2.Function","name":"projects/projectgear-b6776/locations/us-central1/functions/createStripeCheckout","buildConfig":{"runtime":"nodejs22","entryPoint":"createStripeCheckout","source":{"storageSource":{"bucket":"gcf-v2-sources-916044026836-us-central1","object":"createStripeCheckout/function-source.zip","generation":"1763358200986597"}},"environmentVariables":{"GOOGLE_NODE_RUN_SCRIPTS":""},"serviceAccount":"projects/projectgear-b6776/serviceAccounts/916044026836-compute@developer.gserviceaccount.com","automaticUpdatePolicy":{}},"serviceConfig":{"service":"projects/projectgear-b6776/locations/us-central1/services/createstripecheckout","timeoutSeconds":60,"environmentVariables":{"FIREBASE_CONFIG":"{\"projectId\":\"projectgear-b6776\",\"databaseURL\":\"https://projectgear-b6776-default-rtdb.europe-west1.firebasedatabase.app\",\"storageBucket\":\"projectgear-b6776.firebasestorage.app\"}","GCLOUD_PROJECT":"projectgear-b6776","EVENTARC_CLOUD_EVENT_SOURCE":"projects/projectgear-b6776/locations/us-central1/services/createStripeCheckout","FUNCTION_TARGET":"createStripeCheckout","LOG_EXECUTION_ID":"true"},"ingressSettings":"ALLOW_ALL","serviceAccountEmail":"916044026836-compute@developer.gserviceaccount.com","availableMemory":"256Mi","maxInstanceRequestConcurrency":80,"availableCpu":"1"},"labels":{"deployment-tool":"cli-firebase","firebase-functions-hash":"d6c38a7b72c3bd91fe0f71ce7261066d1a6ee927"},"environment":"GEN_2"},"stages":[{"name":"BUILD","message":"Build in progress","state":"IN_PROGRESS","resource":"projects/916044026836/locations/us-central1/builds/8752e6a9-3319-4634-bea8-5c5493d5a709","resourceUri":"https://console.cloud.google.com/cloud-build/builds;region=us-central1/8752e6a9-3319-4634-bea8-5c5493d5a709?project=916044026836"},{"name":"SERVICE","state":"NOT_STARTED"}],"operationType":"CREATE_FUNCTION","buildName":"projects/916044026836/locations/us-central1/builds/8752e6a9-3319-4634-bea8-5c5493d5a709"},"done":false}
[debug] [2025-11-17T05:46:38.831Z] [create-default-us-central1-createStripeCheckout] Retrying task index 0
[debug] [2025-11-17T05:46:38.832Z] Checked if tokens are valid: true, expires at: 1763361508693
[debug] [2025-11-17T05:46:38.832Z] Checked if tokens are valid: true, expires at: 1763361508693
[debug] [2025-11-17T05:46:38.832Z] >>> [apiv2][query] GET https://cloudfunctions.googleapis.com/v2/projects/projectgear-b6776/locations/us-central1/operations/operation-1763358200761-643c3d32b0da8-e50cc0c8-e9ab9159 [none]
[debug] [2025-11-17T05:46:39.583Z] <<< [apiv2][status] GET https://cloudfunctions.googleapis.com/v2/projects/projectgear-b6776/locations/us-central1/operations/operation-1763358200761-643c3d32b0da8-e50cc0c8-e9ab9159 200
[debug] [2025-11-17T05:46:39.583Z] <<< [apiv2][body] GET https://cloudfunctions.googleapis.com/v2/projects/projectgear-b6776/locations/us-central1/operations/operation-1763358200761-643c3d32b0da8-e50cc0c8-e9ab9159 {"name":"projects/projectgear-b6776/locations/us-central1/operations/operation-1763358200761-643c3d32b0da8-e50cc0c8-e9ab9159","metadata":{"@type":"type.googleapis.com/google.cloud.functions.v2.OperationMetadata","createTime":"2025-11-17T05:43:21.197646616Z","target":"projects/projectgear-b6776/locations/us-central1/functions/createStripeCheckout","verb":"create","cancelRequested":false,"apiVersion":"v2","requestResource":{"@type":"type.googleapis.com/google.cloud.functions.v2.Function","name":"projects/projectgear-b6776/locations/us-central1/functions/createStripeCheckout","buildConfig":{"runtime":"nodejs22","entryPoint":"createStripeCheckout","source":{"storageSource":{"bucket":"gcf-v2-sources-916044026836-us-central1","object":"createStripeCheckout/function-source.zip","generation":"1763358200986597"}},"environmentVariables":{"GOOGLE_NODE_RUN_SCRIPTS":""},"serviceAccount":"projects/projectgear-b6776/serviceAccounts/916044026836-compute@developer.gserviceaccount.com","automaticUpdatePolicy":{}},"serviceConfig":{"service":"projects/projectgear-b6776/locations/us-central1/services/createstripecheckout","timeoutSeconds":60,"environmentVariables":{"FIREBASE_CONFIG":"{\"projectId\":\"projectgear-b6776\",\"databaseURL\":\"https://projectgear-b6776-default-rtdb.europe-west1.firebasedatabase.app\",\"storageBucket\":\"projectgear-b6776.firebasestorage.app\"}","GCLOUD_PROJECT":"projectgear-b6776","EVENTARC_CLOUD_EVENT_SOURCE":"projects/projectgear-b6776/locations/us-central1/services/createStripeCheckout","FUNCTION_TARGET":"createStripeCheckout","LOG_EXECUTION_ID":"true"},"ingressSettings":"ALLOW_ALL","serviceAccountEmail":"916044026836-compute@developer.gserviceaccount.com","availableMemory":"256Mi","maxInstanceRequestConcurrency":80,"availableCpu":"1"},"labels":{"deployment-tool":"cli-firebase","firebase-functions-hash":"d6c38a7b72c3bd91fe0f71ce7261066d1a6ee927"},"environment":"GEN_2"},"stages":[{"name":"BUILD","message":"Build in progress","state":"IN_PROGRESS","resource":"projects/916044026836/locations/us-central1/builds/8752e6a9-3319-4634-bea8-5c5493d5a709","resourceUri":"https://console.cloud.google.com/cloud-build/builds;region=us-central1/8752e6a9-3319-4634-bea8-5c5493d5a709?project=916044026836"},{"name":"SERVICE","state":"NOT_STARTED"}],"operationType":"CREATE_FUNCTION","buildName":"projects/916044026836/locations/us-central1/builds/8752e6a9-3319-4634-bea8-5c5493d5a709"},"done":false}
[debug] [2025-11-17T05:46:49.595Z] [create-default-us-central1-createStripeCheckout] Retrying task index 0
[debug] [2025-11-17T05:46:49.595Z] Checked if tokens are valid: true, expires at: 1763361508693
[debug] [2025-11-17T05:46:49.596Z] Checked if tokens are valid: true, expires at: 1763361508693
[debug] [2025-11-17T05:46:49.596Z] >>> [apiv2][query] GET https://cloudfunctions.googleapis.com/v2/projects/projectgear-b6776/locations/us-central1/operations/operation-1763358200761-643c3d32b0da8-e50cc0c8-e9ab9159 [none]
[debug] [2025-11-17T05:46:50.369Z] <<< [apiv2][status] GET https://cloudfunctions.googleapis.com/v2/projects/projectgear-b6776/locations/us-central1/operations/operation-1763358200761-643c3d32b0da8-e50cc0c8-e9ab9159 200
[debug] [2025-11-17T05:46:50.369Z] <<< [apiv2][body] GET https://cloudfunctions.googleapis.com/v2/projects/projectgear-b6776/locations/us-central1/operations/operation-1763358200761-643c3d32b0da8-e50cc0c8-e9ab9159 {"name":"projects/projectgear-b6776/locations/us-central1/operations/operation-1763358200761-643c3d32b0da8-e50cc0c8-e9ab9159","metadata":{"@type":"type.googleapis.com/google.cloud.functions.v2.OperationMetadata","createTime":"2025-11-17T05:43:21.197646616Z","target":"projects/projectgear-b6776/locations/us-central1/functions/createStripeCheckout","verb":"create","cancelRequested":false,"apiVersion":"v2","requestResource":{"@type":"type.googleapis.com/google.cloud.functions.v2.Function","name":"projects/projectgear-b6776/locations/us-central1/functions/createStripeCheckout","buildConfig":{"runtime":"nodejs22","entryPoint":"createStripeCheckout","source":{"storageSource":{"bucket":"gcf-v2-sources-916044026836-us-central1","object":"createStripeCheckout/function-source.zip","generation":"1763358200986597"}},"environmentVariables":{"GOOGLE_NODE_RUN_SCRIPTS":""},"serviceAccount":"projects/projectgear-b6776/serviceAccounts/916044026836-compute@developer.gserviceaccount.com","automaticUpdatePolicy":{}},"serviceConfig":{"service":"projects/projectgear-b6776/locations/us-central1/services/createstripecheckout","timeoutSeconds":60,"environmentVariables":{"FIREBASE_CONFIG":"{\"projectId\":\"projectgear-b6776\",\"databaseURL\":\"https://projectgear-b6776-default-rtdb.europe-west1.firebasedatabase.app\",\"storageBucket\":\"projectgear-b6776.firebasestorage.app\"}","GCLOUD_PROJECT":"projectgear-b6776","EVENTARC_CLOUD_EVENT_SOURCE":"projects/projectgear-b6776/locations/us-central1/services/createStripeCheckout","FUNCTION_TARGET":"createStripeCheckout","LOG_EXECUTION_ID":"true"},"ingressSettings":"ALLOW_ALL","serviceAccountEmail":"916044026836-compute@developer.gserviceaccount.com","availableMemory":"256Mi","maxInstanceRequestConcurrency":80,"availableCpu":"1"},"labels":{"deployment-tool":"cli-firebase","firebase-functions-hash":"d6c38a7b72c3bd91fe0f71ce7261066d1a6ee927"},"environment":"GEN_2"},"stages":[{"name":"BUILD","message":"Build in progress","state":"IN_PROGRESS","resource":"projects/916044026836/locations/us-central1/builds/8752e6a9-3319-4634-bea8-5c5493d5a709","resourceUri":"https://console.cloud.google.com/cloud-build/builds;region=us-central1/8752e6a9-3319-4634-bea8-5c5493d5a709?project=916044026836"},{"name":"SERVICE","state":"NOT_STARTED"}],"operationType":"CREATE_FUNCTION","buildName":"projects/916044026836/locations/us-central1/builds/8752e6a9-3319-4634-bea8-5c5493d5a709"},"done":false}
[debug] [2025-11-17T05:47:00.371Z] [create-default-us-central1-createStripeCheckout] Retrying task index 0
[debug] [2025-11-17T05:47:00.372Z] Checked if tokens are valid: true, expires at: 1763361508693
[debug] [2025-11-17T05:47:00.372Z] Checked if tokens are valid: true, expires at: 1763361508693
[debug] [2025-11-17T05:47:00.372Z] >>> [apiv2][query] GET https://cloudfunctions.googleapis.com/v2/projects/projectgear-b6776/locations/us-central1/operations/operation-1763358200761-643c3d32b0da8-e50cc0c8-e9ab9159 [none]
[debug] [2025-11-17T05:47:01.433Z] <<< [apiv2][status] GET https://cloudfunctions.googleapis.com/v2/projects/projectgear-b6776/locations/us-central1/operations/operation-1763358200761-643c3d32b0da8-e50cc0c8-e9ab9159 200
[debug] [2025-11-17T05:47:01.434Z] <<< [apiv2][body] GET https://cloudfunctions.googleapis.com/v2/projects/projectgear-b6776/locations/us-central1/operations/operation-1763358200761-643c3d32b0da8-e50cc0c8-e9ab9159 {"name":"projects/projectgear-b6776/locations/us-central1/operations/operation-1763358200761-643c3d32b0da8-e50cc0c8-e9ab9159","metadata":{"@type":"type.googleapis.com/google.cloud.functions.v2.OperationMetadata","createTime":"2025-11-17T05:43:21.197646616Z","target":"projects/projectgear-b6776/locations/us-central1/functions/createStripeCheckout","verb":"create","cancelRequested":false,"apiVersion":"v2","requestResource":{"@type":"type.googleapis.com/google.cloud.functions.v2.Function","name":"projects/projectgear-b6776/locations/us-central1/functions/createStripeCheckout","buildConfig":{"runtime":"nodejs22","entryPoint":"createStripeCheckout","source":{"storageSource":{"bucket":"gcf-v2-sources-916044026836-us-central1","object":"createStripeCheckout/function-source.zip","generation":"1763358200986597"}},"environmentVariables":{"GOOGLE_NODE_RUN_SCRIPTS":""},"serviceAccount":"projects/projectgear-b6776/serviceAccounts/916044026836-compute@developer.gserviceaccount.com","automaticUpdatePolicy":{}},"serviceConfig":{"service":"projects/projectgear-b6776/locations/us-central1/services/createstripecheckout","timeoutSeconds":60,"environmentVariables":{"FIREBASE_CONFIG":"{\"projectId\":\"projectgear-b6776\",\"databaseURL\":\"https://projectgear-b6776-default-rtdb.europe-west1.firebasedatabase.app\",\"storageBucket\":\"projectgear-b6776.firebasestorage.app\"}","GCLOUD_PROJECT":"projectgear-b6776","EVENTARC_CLOUD_EVENT_SOURCE":"projects/projectgear-b6776/locations/us-central1/services/createStripeCheckout","FUNCTION_TARGET":"createStripeCheckout","LOG_EXECUTION_ID":"true"},"ingressSettings":"ALLOW_ALL","serviceAccountEmail":"916044026836-compute@developer.gserviceaccount.com","availableMemory":"256Mi","maxInstanceRequestConcurrency":80,"availableCpu":"1"},"labels":{"deployment-tool":"cli-firebase","firebase-functions-hash":"d6c38a7b72c3bd91fe0f71ce7261066d1a6ee927"},"environment":"GEN_2"},"stages":[{"name":"BUILD","message":"Build in progress","state":"IN_PROGRESS","resource":"projects/916044026836/locations/us-central1/builds/8752e6a9-3319-4634-bea8-5c5493d5a709","resourceUri":"https://console.cloud.google.com/cloud-build/builds;region=us-central1/8752e6a9-3319-4634-bea8-5c5493d5a709?project=916044026836"},{"name":"SERVICE","state":"NOT_STARTED"}],"operationType":"CREATE_FUNCTION","buildName":"projects/916044026836/locations/us-central1/builds/8752e6a9-3319-4634-bea8-5c5493d5a709"},"done":false}
[debug] [2025-11-17T05:47:11.442Z] [create-default-us-central1-createStripeCheckout] Retrying task index 0
[debug] [2025-11-17T05:47:11.443Z] Checked if tokens are valid: true, expires at: 1763361508693
[debug] [2025-11-17T05:47:11.443Z] Checked if tokens are valid: true, expires at: 1763361508693
[debug] [2025-11-17T05:47:11.443Z] >>> [apiv2][query] GET https://cloudfunctions.googleapis.com/v2/projects/projectgear-b6776/locations/us-central1/operations/operation-1763358200761-643c3d32b0da8-e50cc0c8-e9ab9159 [none]
[debug] [2025-11-17T05:47:12.212Z] <<< [apiv2][status] GET https://cloudfunctions.googleapis.com/v2/projects/projectgear-b6776/locations/us-central1/operations/operation-1763358200761-643c3d32b0da8-e50cc0c8-e9ab9159 200
[debug] [2025-11-17T05:47:12.212Z] <<< [apiv2][body] GET https://cloudfunctions.googleapis.com/v2/projects/projectgear-b6776/locations/us-central1/operations/operation-1763358200761-643c3d32b0da8-e50cc0c8-e9ab9159 {"name":"projects/projectgear-b6776/locations/us-central1/operations/operation-1763358200761-643c3d32b0da8-e50cc0c8-e9ab9159","metadata":{"@type":"type.googleapis.com/google.cloud.functions.v2.OperationMetadata","createTime":"2025-11-17T05:43:21.197646616Z","endTime":"2025-11-17T05:44:23.809000313Z","target":"projects/projectgear-b6776/locations/us-central1/functions/createStripeCheckout","verb":"create","cancelRequested":false,"apiVersion":"v2","requestResource":{"@type":"type.googleapis.com/google.cloud.functions.v2.Function","name":"projects/projectgear-b6776/locations/us-central1/functions/createStripeCheckout","buildConfig":{"runtime":"nodejs22","entryPoint":"createStripeCheckout","source":{"storageSource":{"bucket":"gcf-v2-sources-916044026836-us-central1","object":"createStripeCheckout/function-source.zip","generation":"1763358200986597"}},"environmentVariables":{"GOOGLE_NODE_RUN_SCRIPTS":""},"serviceAccount":"projects/projectgear-b6776/serviceAccounts/916044026836-compute@developer.gserviceaccount.com","automaticUpdatePolicy":{}},"serviceConfig":{"service":"projects/projectgear-b6776/locations/us-central1/services/createstripecheckout","timeoutSeconds":60,"environmentVariables":{"FIREBASE_CONFIG":"{\"projectId\":\"projectgear-b6776\",\"databaseURL\":\"https://projectgear-b6776-default-rtdb.europe-west1.firebasedatabase.app\",\"storageBucket\":\"projectgear-b6776.firebasestorage.app\"}","GCLOUD_PROJECT":"projectgear-b6776","EVENTARC_CLOUD_EVENT_SOURCE":"projects/projectgear-b6776/locations/us-central1/services/createStripeCheckout","FUNCTION_TARGET":"createStripeCheckout","LOG_EXECUTION_ID":"true"},"ingressSettings":"ALLOW_ALL","serviceAccountEmail":"916044026836-compute@developer.gserviceaccount.com","availableMemory":"256Mi","maxInstanceRequestConcurrency":80,"availableCpu":"1"},"labels":{"deployment-tool":"cli-firebase","firebase-functions-hash":"d6c38a7b72c3bd91fe0f71ce7261066d1a6ee927"},"environment":"GEN_2"},"stages":[{"name":"ARTIFACT_REGISTRY","message":"Deleting function artifacts in Artifact Registry","state":"COMPLETE"},{"name":"SERVICE","message":"Deleting Cloud Run service","state":"COMPLETE","resource":"projects/projectgear-b6776/locations/us-central1/services/createstripecheckout"}],"operationType":"CREATE_FUNCTION"},"done":true,"error":{"code":3,"message":"Could not create or update Cloud Run service createstripecheckout, Container Healthcheck failed. The user-provided container failed to start and listen on the port defined provided by the PORT=8080 environment variable within the allocated timeout. This can happen when the container port is misconfigured or if the timeout is too short. The health check timeout can be extended. Logs for this revision might contain more information.\n\nLogs URL: https://console.cloud.google.com/logs/viewer?project=projectgear-b6776&resource=cloud_run_revision/service_name/createstripecheckout/revision_name/createstripecheckout-00001-siv&advancedFilter=resource.type%3D%22cloud_run_revision%22%0Aresource.labels.service_name%3D%22createstripecheckout%22%0Aresource.labels.revision_name%3D%22createstripecheckout-00001-siv%22 \nFor more troubleshooting guidance, see https://cloud.google.com/run/docs/troubleshooting#container-failed-to-start"}}
[debug] [2025-11-17T05:47:12.212Z] Got source token undefined for region us-central1
[error] Could not create or update Cloud Run service createstripecheckout, Container Healthcheck failed. The user-provided container failed to start and listen on the port defined provided by the PORT=8080 environment variable within the allocated timeout. This can happen when the container port is misconfigured or if the timeout is too short. The health check timeout can be extended. Logs for this revision might contain more information.

Logs URL: https://console.cloud.google.com/logs/viewer?project=projectgear-b6776&resource=cloud_run_revision/service_name/createstripecheckout/revision_name/createstripecheckout-00001-siv&advancedFilter=resource.type%3D%22cloud_run_revision%22%0Aresource.labels.service_name%3D%22createstripecheckout%22%0Aresource.labels.revision_name%3D%22createstripecheckout-00001-siv%22 
For more troubleshooting guidance, see https://cloud.google.com/run/docs/troubleshooting#container-failed-to-start
[debug] [2025-11-17T05:47:12.215Z] Total Function Deployment time: 64435
[debug] [2025-11-17T05:47:12.215Z] 1 Functions Deployed
[debug] [2025-11-17T05:47:12.215Z] 1 Functions Errored
[debug] [2025-11-17T05:47:12.215Z] 0 Function Deployments Aborted
[debug] [2025-11-17T05:47:12.215Z] Average Function Deployment time: 64435
[info] 
[info] Functions deploy had errors with the following functions:
	createStripeCheckout(us-central1)
[debug] [2025-11-17T05:47:12.216Z] Not printing URL for HTTPS function. Typically this means it didn't match a filter or we failed deployment
[debug] [2025-11-17T05:47:12.217Z] Checked if tokens are valid: true, expires at: 1763361508693
[debug] [2025-11-17T05:47:12.217Z] Checked if tokens are valid: true, expires at: 1763361508693
[debug] [2025-11-17T05:47:12.217Z] >>> [apiv2][query] GET https://artifactregistry.googleapis.com/v1/projects/projectgear-b6776/locations/us-central1/repositories/gcf-artifacts [none]
[debug] [2025-11-17T05:47:13.060Z] <<< [apiv2][status] GET https://artifactregistry.googleapis.com/v1/projects/projectgear-b6776/locations/us-central1/repositories/gcf-artifacts 200
[debug] [2025-11-17T05:47:13.061Z] <<< [apiv2][body] GET https://artifactregistry.googleapis.com/v1/projects/projectgear-b6776/locations/us-central1/repositories/gcf-artifacts {"name":"projects/projectgear-b6776/locations/us-central1/repositories/gcf-artifacts","format":"DOCKER","description":"This repository is created and used by Cloud Functions for storing function docker images.","labels":{"goog-managed-by":"cloudfunctions"},"createTime":"2025-11-16T23:56:02.523314Z","updateTime":"2025-11-17T05:44:23.694067Z","mode":"STANDARD_REPOSITORY","cleanupPolicies":{"firebase-functions-cleanup":{"id":"firebase-functions-cleanup","action":"DELETE","condition":{"tagState":"ANY","olderThan":"86400s"}}},"sizeBytes":"1031459160","vulnerabilityScanningConfig":{"lastEnableTime":"2025-11-16T23:55:54.908320320Z","enablementState":"SCANNING_DISABLED","enablementStateReason":"API containerscanning.googleapis.com is not enabled."},"satisfiesPzi":true,"registryUri":"us-central1-docker.pkg.dev/projectgear-b6776/gcf-artifacts"}
[debug] [2025-11-17T05:47:13.061Z] Functions deploy failed.
[debug] [2025-11-17T05:47:13.061Z] {
  "endpoint": {
    "id": "createStripeCheckout",
    "project": "projectgear-b6776",
    "region": "us-central1",
    "entryPoint": "createStripeCheckout",
    "platform": "gcfv2",
    "runtime": "nodejs22",
    "httpsTrigger": {},
    "labels": {
      "deployment-tool": "cli-firebase"
    },
    "serviceAccount": null,
    "ingressSettings": null,
    "availableMemoryMb": null,
    "timeoutSeconds": null,
    "maxInstances": null,
    "minInstances": null,
    "concurrency": 80,
    "vpc": null,
    "environmentVariables": {
      "FIREBASE_CONFIG": "{\"projectId\":\"projectgear-b6776\",\"databaseURL\":\"https://projectgear-b6776-default-rtdb.europe-west1.firebasedatabase.app\",\"storageBucket\":\"projectgear-b6776.firebasestorage.app\"}",
      "GCLOUD_PROJECT": "projectgear-b6776",
      "EVENTARC_CLOUD_EVENT_SOURCE": "projects/projectgear-b6776/locations/us-central1/services/createStripeCheckout"
    },
    "codebase": "default",
    "cpu": 1,
    "targetedByOnly": false,
    "hash": "d6c38a7b72c3bd91fe0f71ce7261066d1a6ee927"
  },
  "op": "create",
  "original": {
    "name": "FirebaseError",
    "children": [],
    "exit": 1,
    "message": "Could not create or update Cloud Run service createstripecheckout, Container Healthcheck failed. The user-provided container failed to start and listen on the port defined provided by the PORT=8080 environment variable within the allocated timeout. This can happen when the container port is misconfigured or if the timeout is too short. The health check timeout can be extended. Logs for this revision might contain more information.\n\nLogs URL: https://console.cloud.google.com/logs/viewer?project=projectgear-b6776&resource=cloud_run_revision/service_name/createstripecheckout/revision_name/createstripecheckout-00001-siv&advancedFilter=resource.type%3D%22cloud_run_revision%22%0Aresource.labels.service_name%3D%22createstripecheckout%22%0Aresource.labels.revision_name%3D%22createstripecheckout-00001-siv%22 \nFor more troubleshooting guidance, see https://cloud.google.com/run/docs/troubleshooting#container-failed-to-start",
    "original": {
      "code": 3,
      "message": "Could not create or update Cloud Run service createstripecheckout, Container Healthcheck failed. The user-provided container failed to start and listen on the port defined provided by the PORT=8080 environment variable within the allocated timeout. This can happen when the container port is misconfigured or if the timeout is too short. The health check timeout can be extended. Logs for this revision might contain more information.\n\nLogs URL: https://console.cloud.google.com/logs/viewer?project=projectgear-b6776&resource=cloud_run_revision/service_name/createstripecheckout/revision_name/createstripecheckout-00001-siv&advancedFilter=resource.type%3D%22cloud_run_revision%22%0Aresource.labels.service_name%3D%22createstripecheckout%22%0Aresource.labels.revision_name%3D%22createstripecheckout-00001-siv%22 \nFor more troubleshooting guidance, see https://cloud.google.com/run/docs/troubleshooting#container-failed-to-start"
    },
    "status": 3,
    "code": 3
  }
}
[debug] [2025-11-17T05:47:13.063Z] Error: Failed to create function createStripeCheckout in region us-central1
    at C:\Users\Ricar\AppData\Roaming\npm\node_modules\firebase-tools\lib\deploy\functions\release\fabricator.js:306:27
    at process.processTicksAndRejections (node:internal/process/task_queues:103:5)
    at async Fabricator.createV2Function (C:\Users\Ricar\AppData\Roaming\npm\node_modules\firebase-tools\lib\deploy\functions\release\fabricator.js:290:30)
    at async Fabricator.createEndpoint (C:\Users\Ricar\AppData\Roaming\npm\node_modules\firebase-tools\lib\deploy\functions\release\fabricator.js:137:13)
    at async handle (C:\Users\Ricar\AppData\Roaming\npm\node_modules\firebase-tools\lib\deploy\functions\release\fabricator.js:89:17)
[error] 
[error] Error: There was an error deploying functions
